Sending build context to Docker daemon  4.123MB
Step 1/20 : FROM ubuntu:16.04
 ---> 9361ce633ff1
Step 2/20 : ENV container docker
 ---> Using cache
 ---> e53c72410cf0
Step 3/20 : ENV PATH "/usr/local/sbin:/usr/local/bin:/usr/sbin:/usr/bin:/sbin:/bin:/snap/bin"
 ---> Using cache
 ---> 8ef216fdc639
Step 4/20 : ENV LANG C.UTF-8
 ---> Using cache
 ---> cebea665acf4
Step 5/20 : ENV LC_ALL C.UTF-8
 ---> Using cache
 ---> 46086b80e9ac
Step 6/20 : RUN apt-get update && DEBIAN_FRONTEND=noninteractive apt-get install -y fuse snapd snap-confine squashfuse sudo && apt-get clean && dpkg-divert --local --rename --add /sbin/udevadm && ln -s /bin/true /sbin/udevadm
 ---> Using cache
 ---> f4e73a3a6b41
Step 7/20 : RUN apt-get install -y apt-utils
 ---> Using cache
 ---> 6be8b9a0b5c2
Step 8/20 : RUN apt-get install -y dnsutils
 ---> Using cache
 ---> 4be970414378
Step 9/20 : RUN apt-get install -y net-tools
 ---> Using cache
 ---> 0e709ccd95af
Step 10/20 : RUN apt-get install -y iputils-ping
 ---> Using cache
 ---> f039cd112d74
Step 11/20 : RUN apt-get install -y vim
 ---> Using cache
 ---> 03077f38d971
Step 12/20 : COPY ./init.sh /root/
 ---> Using cache
 ---> 0ad04b3b8f07
Step 13/20 : COPY ./hook /root/
 ---> Using cache
 ---> e30068421760
Step 14/20 : COPY ./conf.yaml /root/
 ---> Using cache
 ---> c0b5b085e87b
Step 15/20 : RUN sed -i "13s/^/\/root\/init.sh/g" /etc/rc.local
 ---> Using cache
 ---> 9367c393e35b
Step 16/20 : RUN chmod +x /etc/rc.local
 ---> Using cache
 ---> c921a0a2f1cf
Step 17/20 : RUN systemctl enable snapd
 ---> Using cache
 ---> a33a71625167
Step 18/20 : VOLUME ["/sys/fs/cgroup"]
 ---> Using cache
 ---> 06b9a59e0d34
Step 19/20 : STOPSIGNAL SIGRTMIN+3
 ---> Using cache
 ---> 78ac19f971bd
Step 20/20 : CMD ["/sbin/init"]
 ---> Using cache
 ---> 065a03d77268
Successfully built 065a03d77268
Successfully tagged tig4605246/oairan:test
