Sending build context to Docker daemon  4.104MB
Step 1/22 : FROM ubuntu:16.04
 ---> 9361ce633ff1
Step 2/22 : ENV container docker
 ---> Using cache
 ---> e53c72410cf0
Step 3/22 : ENV PATH "/usr/local/sbin:/usr/local/bin:/usr/sbin:/usr/bin:/sbin:/bin:/snap/bin"
 ---> Using cache
 ---> 8ef216fdc639
Step 4/22 : ENV LANG C.UTF-8
 ---> Using cache
 ---> cebea665acf4
Step 5/22 : ENV LC_ALL C.UTF-8
 ---> Using cache
 ---> 46086b80e9ac
Step 6/22 : RUN apt-get update && DEBIAN_FRONTEND=noninteractive apt-get install -y fuse snapd snap-confine squashfuse sudo && apt-get clean && dpkg-divert --local --rename --add /sbin/udevadm && ln -s /bin/true /sbin/udevadm
 ---> Using cache
 ---> f4e73a3a6b41
Step 7/22 : RUN apt-get install -y apt-utils
 ---> Using cache
 ---> 6be8b9a0b5c2
Step 8/22 : RUN apt-get install -y dnsutils
 ---> Using cache
 ---> 4be970414378
Step 9/22 : RUN apt-get install -y net-tools
 ---> Using cache
 ---> 0e709ccd95af
Step 10/22 : RUN apt-get install -y iputils-ping
 ---> Using cache
 ---> f039cd112d74
Step 11/22 : RUN apt-get install -y vim
 ---> Using cache
 ---> 03077f38d971
Step 12/22 : RUN apt-get install -y tcpdump
 ---> Using cache
 ---> 4fc912f2ee59
Step 13/22 : RUN mv /usr/sbin/tcpdump /usr/bin/
 ---> Using cache
 ---> 51d9897ca1a6
Step 14/22 : COPY ./init.sh /root/
 ---> Using cache
 ---> 1632814e7480
Step 15/22 : COPY ./hook /root/
 ---> 75d7b7ff2c84
Step 16/22 : COPY ./conf.yaml /root/
 ---> f2955ac3f618
Step 17/22 : RUN sed -i "13s/^/\/root\/init.sh/g" /etc/rc.local
 ---> Running in 4930c214d8bf
Removing intermediate container 4930c214d8bf
 ---> 0073f0c79790
Step 18/22 : RUN chmod +x /etc/rc.local
 ---> Running in ac305a2873fd
Removing intermediate container ac305a2873fd
 ---> 16433718afc5
Step 19/22 : RUN systemctl enable snapd
 ---> Running in 677b82fbc041
Removing intermediate container 677b82fbc041
 ---> 9ce04a406c69
Step 20/22 : VOLUME ["/sys/fs/cgroup"]
 ---> Running in e817d4ebd1ca
Removing intermediate container e817d4ebd1ca
 ---> 1f2cbfe0710d
Step 21/22 : STOPSIGNAL SIGRTMIN+3
 ---> Running in d159f3e723e0
Removing intermediate container d159f3e723e0
 ---> 21f705e6814c
Step 22/22 : CMD ["/sbin/init"]
 ---> Running in 0d1fb6e7dce4
Removing intermediate container 0d1fb6e7dce4
 ---> 1756e3a8cf94
Successfully built 1756e3a8cf94
Successfully tagged tig4605246/oaicn:test
